Starting preprocessing of the model file ...
Found 3 equation(s).
Evaluating expressions...done
Computing static model derivatives (order 1).
Computing dynamic model derivatives (order 1).
Processing outputs ...
done
Preprocessing completed.

STEADY-STATE RESULTS:

k 		 60.6232
c 		 2.84776
x 		 0

EIGENVALUES:
         Modulus             Real        Imaginary

             0.9              0.9                0
          0.9865           0.9865                0
           1.022            1.022                0
       6.944e+16        6.944e+16                0
             Inf             -Inf                0


There are 3 eigenvalue(s) larger than 1 in modulus 
for 3 forward-looking variable(s)

The rank condition is verified.


MODEL SUMMARY

  Number of variables:         3
  Number of stochastic shocks: 1
  Number of state variables:   2
  Number of jumpers:           3
  Number of static variables:  0


MATRIX OF COVARIANCE OF EXOGENOUS SHOCKS
Variables           e
e            0.000500

POLICY AND TRANSITION FUNCTIONS
                                   k               c               x
Constant                   60.623227        2.847763               0
k(-1)                       0.986470        0.020947               0
x(-1)                       2.091525        0.306591        0.900000
e                          -0.285253        0.285253        1.000000


MOMENTS OF SIMULATED VARIABLES
VARIABLE              MEAN       STD. DEV.        VARIANCE        SKEWNESS        KURTOSIS
k                58.818266        2.381770        5.672827        0.078173        0.083350
c                 2.805911        0.056437        0.003185        0.103542        0.155361
x                -0.012101        0.050891        0.002590       -0.035279        0.186763


CORRELATION OF SIMULATED VARIABLES
VARIABLE         k       c       x
k           1.0000  0.9675  0.2717
c           0.9675  1.0000  0.5062
x           0.2717  0.5062  1.0000


AUTOCORRELATION OF SIMULATED VARIABLES
VARIABLE         1       2       3       4       5
k           0.9980  0.9955  0.9915  0.9863  0.9800
c           0.9926  0.9849  0.9759  0.9667  0.9571
x           0.9020  0.8072  0.7136  0.6358  0.5713
Total computing time : 0h00m02s
